0 info it worked if it ends with ok
1 verbose cli [ '/usr/local/bin/node',
1 verbose cli   '/usr/local/bin/npm',
1 verbose cli   'version',
1 verbose cli   'build',
1 verbose cli   '-m',
1 verbose cli   'Bumped to version 1.1.0' ]
2 info using npm@2.11.3
3 info using node@v0.12.7
4 error version No valid package.json found
5 verbose stack SyntaxError: Unexpected string
5 verbose stack     at Object.parse (native)
5 verbose stack     at /usr/local/lib/node_modules/npm/lib/version.js:32:19
5 verbose stack     at evalmachine.<anonymous>:334:14
5 verbose stack     at /usr/local/lib/node_modules/npm/node_modules/graceful-fs/graceful-fs.js:102:5
5 verbose stack     at FSReqWrap.oncomplete (evalmachine.<anonymous>:95:15)
6 verbose cwd /Users/pivotal/personal/css-helpers
7 error Darwin 14.3.0
8 error argv "/usr/local/bin/node" "/usr/local/bin/npm" "version" "build" "-m" "Bumped to version 1.1.0"
9 error node v0.12.7
10 error npm  v2.11.3
11 error Unexpected string
12 error If you need help, you may report this error at:
12 error     <https://github.com/npm/npm/issues>
13 verbose exit [ 1, true ]
